<?xml version="1.0" encoding="UTF-8"?>
<testsuite name="Comprar un producto como usuario registrado en Saucedemo" tests="1" skipped="0" failures="0" errors="0" timestamp="2025-07-09T22:11:57" hostname="DESKTOP-RBA4CJU" time="19.79">
  <properties/>
  <testcase name="Seleccionar un producto valido" classname="Comprar un producto como usuario registrado en Saucedemo" time="19.79"/>
  <system-out><![CDATA[
Scenario: Seleccionar un producto valido                               # src/test/resources/features/comprar_producto.feature:4
  Given el usuario inicia sesion en Saucedemo con credenciales validas # com.automation.stepdefinitions.CompraSteps.login()
]]></system-out>
  <system-err><![CDATA[Jul 09, 2025 5:12:14 PM org.openqa.selenium.devtools.CdpVersionFinder findNearestMatch
WARNING: Unable to find CDP implementation matching 137
Jul 09, 2025 5:12:14 PM org.openqa.selenium.chromium.ChromiumDriver lambda$new$5
WARNING: Unable to find version of CDP to use for 137.0.7151.122. You may need to include a dependency on a specific version of the CDP using something similar to `org.seleniumhq.selenium:selenium-devtools-v86:4.12.1` where the version ("v86") matches the version of the chromium-based browser you're using and the version number of the artifact is the same as Selenium's.
]]></system-err>
</testsuite>
